{"total": {"lines":{"total":5326,"covered":1825,"skipped":0,"pct":34.27},"statements":{"total":5589,"covered":1849,"skipped":0,"pct":33.08},"functions":{"total":845,"covered":204,"skipped":0,"pct":24.14},"branches":{"total":2885,"covered":487,"skipped":0,"pct":16.88}}
,"/Users/wintergruen/Documents/Projekte/WEIMAR/svgedit/packages/svgcanvas/common/browser.js": {"lines":{"total":25,"covered":24,"skipped":0,"pct":96},"functions":{"total":6,"covered":2,"skipped":0,"pct":33.33},"statements":{"total":30,"covered":25,"skipped":0,"pct":83.33},"branches":{"total":0,"covered":0,"skipped":0,"pct":100}}
,"/Users/wintergruen/Documents/Projekte/WEIMAR/svgedit/packages/svgcanvas/common/util.js": {"lines":{"total":90,"covered":0,"skipped":0,"pct":0},"functions":{"total":7,"covered":0,"skipped":0,"pct":0},"statements":{"total":92,"covered":0,"skipped":0,"pct":0},"branches":{"total":98,"covered":0,"skipped":0,"pct":0}}
,"/Users/wintergruen/Documents/Projekte/WEIMAR/svgedit/src/editor/ConfigObj.js": {"lines":{"total":101,"covered":38,"skipped":0,"pct":37.62},"functions":{"total":14,"covered":9,"skipped":0,"pct":64.29},"statements":{"total":102,"covered":38,"skipped":0,"pct":37.25},"branches":{"total":96,"covered":25,"skipped":0,"pct":26.04}}
,"/Users/wintergruen/Documents/Projekte/WEIMAR/svgedit/src/editor/Editor.js": {"lines":{"total":410,"covered":127,"skipped":0,"pct":30.98},"functions":{"total":102,"covered":16,"skipped":0,"pct":15.69},"statements":{"total":417,"covered":127,"skipped":0,"pct":30.46},"branches":{"total":213,"covered":32,"skipped":0,"pct":15.02}}
,"/Users/wintergruen/Documents/Projekte/WEIMAR/svgedit/src/editor/EditorStartup.js": {"lines":{"total":346,"covered":183,"skipped":0,"pct":52.89},"functions":{"total":51,"covered":14,"skipped":0,"pct":27.45},"statements":{"total":357,"covered":186,"skipped":0,"pct":52.1},"branches":{"total":122,"covered":16,"skipped":0,"pct":13.11}}
,"/Users/wintergruen/Documents/Projekte/WEIMAR/svgedit/src/editor/MainMenu.js": {"lines":{"total":111,"covered":14,"skipped":0,"pct":12.61},"functions":{"total":14,"covered":2,"skipped":0,"pct":14.29},"statements":{"total":111,"covered":14,"skipped":0,"pct":12.61},"branches":{"total":48,"covered":0,"skipped":0,"pct":0}}
,"/Users/wintergruen/Documents/Projekte/WEIMAR/svgedit/src/editor/Rulers.js": {"lines":{"total":119,"covered":91,"skipped":0,"pct":76.47},"functions":{"total":6,"covered":4,"skipped":0,"pct":66.67},"statements":{"total":124,"covered":92,"skipped":0,"pct":74.19},"branches":{"total":43,"covered":28,"skipped":0,"pct":65.12}}
,"/Users/wintergruen/Documents/Projekte/WEIMAR/svgedit/src/editor/browser-not-supported.js": {"lines":{"total":4,"covered":3,"skipped":0,"pct":75},"functions":{"total":1,"covered":1,"skipped":0,"pct":100},"statements":{"total":4,"covered":3,"skipped":0,"pct":75},"branches":{"total":4,"covered":3,"skipped":0,"pct":75}}
,"/Users/wintergruen/Documents/Projekte/WEIMAR/svgedit/src/editor/contextmenu.js": {"lines":{"total":22,"covered":9,"skipped":0,"pct":40.91},"functions":{"total":8,"covered":1,"skipped":0,"pct":12.5},"statements":{"total":23,"covered":9,"skipped":0,"pct":39.13},"branches":{"total":13,"covered":0,"skipped":0,"pct":0}}
,"/Users/wintergruen/Documents/Projekte/WEIMAR/svgedit/src/editor/locale.js": {"lines":{"total":14,"covered":9,"skipped":0,"pct":64.29},"functions":{"total":2,"covered":2,"skipped":0,"pct":100},"statements":{"total":14,"covered":9,"skipped":0,"pct":64.29},"branches":{"total":10,"covered":3,"skipped":0,"pct":30}}
,"/Users/wintergruen/Documents/Projekte/WEIMAR/svgedit/src/editor/components/PaintBox.js": {"lines":{"total":64,"covered":18,"skipped":0,"pct":28.13},"functions":{"total":4,"covered":2,"skipped":0,"pct":50},"statements":{"total":67,"covered":18,"skipped":0,"pct":26.87},"branches":{"total":33,"covered":2,"skipped":0,"pct":6.06}}
,"/Users/wintergruen/Documents/Projekte/WEIMAR/svgedit/src/editor/components/index.js": {"lines":{"total":0,"covered":0,"skipped":0,"pct":100},"functions":{"total":0,"covered":0,"skipped":0,"pct":100},"statements":{"total":0,"covered":0,"skipped":0,"pct":100},"branches":{"total":0,"covered":0,"skipped":0,"pct":100}}
,"/Users/wintergruen/Documents/Projekte/WEIMAR/svgedit/src/editor/components/seButton.js": {"lines":{"total":57,"covered":36,"skipped":0,"pct":63.16},"functions":{"total":15,"covered":6,"skipped":0,"pct":40},"statements":{"total":60,"covered":37,"skipped":0,"pct":61.67},"branches":{"total":33,"covered":19,"skipped":0,"pct":57.58}}
,"/Users/wintergruen/Documents/Projekte/WEIMAR/svgedit/src/editor/components/seColorPicker.js": {"lines":{"total":50,"covered":31,"skipped":0,"pct":62},"functions":{"total":16,"covered":7,"skipped":0,"pct":43.75},"statements":{"total":51,"covered":31,"skipped":0,"pct":60.78},"branches":{"total":11,"covered":5,"skipped":0,"pct":45.45}}
,"/Users/wintergruen/Documents/Projekte/WEIMAR/svgedit/src/editor/components/seExplorerButton.js": {"lines":{"total":95,"covered":2,"skipped":0,"pct":2.11},"functions":{"total":17,"covered":1,"skipped":0,"pct":5.88},"statements":{"total":98,"covered":2,"skipped":0,"pct":2.04},"branches":{"total":30,"covered":0,"skipped":0,"pct":0}}
,"/Users/wintergruen/Documents/Projekte/WEIMAR/svgedit/src/editor/components/seFlyingButton.js": {"lines":{"total":74,"covered":26,"skipped":0,"pct":35.14},"functions":{"total":14,"covered":5,"skipped":0,"pct":35.71},"statements":{"total":75,"covered":26,"skipped":0,"pct":34.67},"branches":{"total":29,"covered":3,"skipped":0,"pct":10.34}}
,"/Users/wintergruen/Documents/Projekte/WEIMAR/svgedit/src/editor/components/seInput.js": {"lines":{"total":46,"covered":23,"skipped":0,"pct":50},"functions":{"total":16,"covered":4,"skipped":0,"pct":25},"statements":{"total":47,"covered":23,"skipped":0,"pct":48.94},"branches":{"total":8,"covered":4,"skipped":0,"pct":50}}
,"/Users/wintergruen/Documents/Projekte/WEIMAR/svgedit/src/editor/components/seList.js": {"lines":{"total":87,"covered":47,"skipped":0,"pct":54.02},"functions":{"total":21,"covered":6,"skipped":0,"pct":28.57},"statements":{"total":89,"covered":47,"skipped":0,"pct":52.81},"branches":{"total":22,"covered":8,"skipped":0,"pct":36.36}}
,"/Users/wintergruen/Documents/Projekte/WEIMAR/svgedit/src/editor/components/seListItem.js": {"lines":{"total":39,"covered":25,"skipped":0,"pct":64.1},"functions":{"total":12,"covered":3,"skipped":0,"pct":25},"statements":{"total":40,"covered":25,"skipped":0,"pct":62.5},"branches":{"total":10,"covered":7,"skipped":0,"pct":70}}
,"/Users/wintergruen/Documents/Projekte/WEIMAR/svgedit/src/editor/components/seMenu.js": {"lines":{"total":26,"covered":20,"skipped":0,"pct":76.92},"functions":{"total":7,"covered":3,"skipped":0,"pct":42.86},"statements":{"total":27,"covered":20,"skipped":0,"pct":74.07},"branches":{"total":5,"covered":3,"skipped":0,"pct":60}}
,"/Users/wintergruen/Documents/Projekte/WEIMAR/svgedit/src/editor/components/seMenuItem.js": {"lines":{"total":37,"covered":25,"skipped":0,"pct":67.57},"functions":{"total":9,"covered":4,"skipped":0,"pct":44.44},"statements":{"total":40,"covered":25,"skipped":0,"pct":62.5},"branches":{"total":19,"covered":7,"skipped":0,"pct":36.84}}
,"/Users/wintergruen/Documents/Projekte/WEIMAR/svgedit/src/editor/components/sePalette.js": {"lines":{"total":33,"covered":26,"skipped":0,"pct":78.79},"functions":{"total":7,"covered":6,"skipped":0,"pct":85.71},"statements":{"total":33,"covered":26,"skipped":0,"pct":78.79},"branches":{"total":13,"covered":3,"skipped":0,"pct":23.08}}
,"/Users/wintergruen/Documents/Projekte/WEIMAR/svgedit/src/editor/components/sePlainBorderButton.js": {"lines":{"total":3,"covered":3,"skipped":0,"pct":100},"functions":{"total":1,"covered":1,"skipped":0,"pct":100},"statements":{"total":3,"covered":3,"skipped":0,"pct":100},"branches":{"total":0,"covered":0,"skipped":0,"pct":100}}
,"/Users/wintergruen/Documents/Projekte/WEIMAR/svgedit/src/editor/components/sePlainMenuButton.js": {"lines":{"total":2,"covered":2,"skipped":0,"pct":100},"functions":{"total":1,"covered":1,"skipped":0,"pct":100},"statements":{"total":2,"covered":2,"skipped":0,"pct":100},"branches":{"total":0,"covered":0,"skipped":0,"pct":100}}
,"/Users/wintergruen/Documents/Projekte/WEIMAR/svgedit/src/editor/components/seSelect.js": {"lines":{"total":56,"covered":38,"skipped":0,"pct":67.86},"functions":{"total":17,"covered":6,"skipped":0,"pct":35.29},"statements":{"total":59,"covered":40,"skipped":0,"pct":67.8},"branches":{"total":16,"covered":13,"skipped":0,"pct":81.25}}
,"/Users/wintergruen/Documents/Projekte/WEIMAR/svgedit/src/editor/components/seSpinInput.js": {"lines":{"total":65,"covered":42,"skipped":0,"pct":64.62},"functions":{"total":18,"covered":6,"skipped":0,"pct":33.33},"statements":{"total":66,"covered":42,"skipped":0,"pct":63.64},"branches":{"total":17,"covered":11,"skipped":0,"pct":64.71}}
,"/Users/wintergruen/Documents/Projekte/WEIMAR/svgedit/src/editor/components/seText.js": {"lines":{"total":28,"covered":18,"skipped":0,"pct":64.29},"functions":{"total":10,"covered":4,"skipped":0,"pct":40},"statements":{"total":29,"covered":18,"skipped":0,"pct":62.07},"branches":{"total":8,"covered":5,"skipped":0,"pct":62.5}}
,"/Users/wintergruen/Documents/Projekte/WEIMAR/svgedit/src/editor/components/seZoom.js": {"lines":{"total":102,"covered":65,"skipped":0,"pct":63.73},"functions":{"total":28,"covered":9,"skipped":0,"pct":32.14},"statements":{"total":107,"covered":66,"skipped":0,"pct":61.68},"branches":{"total":36,"covered":7,"skipped":0,"pct":19.44}}
,"/Users/wintergruen/Documents/Projekte/WEIMAR/svgedit/src/editor/components/jgraduate/ColorValuePicker.js": {"lines":{"total":231,"covered":0,"skipped":0,"pct":0},"functions":{"total":9,"covered":0,"skipped":0,"pct":0},"statements":{"total":249,"covered":0,"skipped":0,"pct":0},"branches":{"total":157,"covered":0,"skipped":0,"pct":0}}
,"/Users/wintergruen/Documents/Projekte/WEIMAR/svgedit/src/editor/components/jgraduate/Slider.js": {"lines":{"total":156,"covered":1,"skipped":0,"pct":0.64},"functions":{"total":17,"covered":0,"skipped":0,"pct":0},"statements":{"total":176,"covered":1,"skipped":0,"pct":0.57},"branches":{"total":186,"covered":0,"skipped":0,"pct":0}}
,"/Users/wintergruen/Documents/Projekte/WEIMAR/svgedit/src/editor/components/jgraduate/jQuery.jGraduate.js": {"lines":{"total":580,"covered":5,"skipped":0,"pct":0.86},"functions":{"total":44,"covered":0,"skipped":0,"pct":0},"statements":{"total":602,"covered":5,"skipped":0,"pct":0.83},"branches":{"total":278,"covered":1,"skipped":0,"pct":0.36}}
,"/Users/wintergruen/Documents/Projekte/WEIMAR/svgedit/src/editor/components/jgraduate/jQuery.jPicker.js": {"lines":{"total":840,"covered":189,"skipped":0,"pct":22.5},"functions":{"total":60,"covered":10,"skipped":0,"pct":16.67},"statements":{"total":926,"covered":201,"skipped":0,"pct":21.71},"branches":{"total":777,"covered":146,"skipped":0,"pct":18.79}}
,"/Users/wintergruen/Documents/Projekte/WEIMAR/svgedit/src/editor/dialogs/SePlainAlertDialog.js": {"lines":{"total":7,"covered":1,"skipped":0,"pct":14.29},"functions":{"total":1,"covered":0,"skipped":0,"pct":0},"statements":{"total":7,"covered":1,"skipped":0,"pct":14.29},"branches":{"total":2,"covered":0,"skipped":0,"pct":0}}
,"/Users/wintergruen/Documents/Projekte/WEIMAR/svgedit/src/editor/dialogs/cmenuDialog.js": {"lines":{"total":120,"covered":97,"skipped":0,"pct":80.83},"functions":{"total":28,"covered":8,"skipped":0,"pct":28.57},"statements":{"total":131,"covered":97,"skipped":0,"pct":74.05},"branches":{"total":23,"covered":15,"skipped":0,"pct":65.22}}
,"/Users/wintergruen/Documents/Projekte/WEIMAR/svgedit/src/editor/dialogs/cmenuLayersDialog.js": {"lines":{"total":61,"covered":49,"skipped":0,"pct":80.33},"functions":{"total":16,"covered":6,"skipped":0,"pct":37.5},"statements":{"total":66,"covered":49,"skipped":0,"pct":74.24},"branches":{"total":18,"covered":13,"skipped":0,"pct":72.22}}
,"/Users/wintergruen/Documents/Projekte/WEIMAR/svgedit/src/editor/dialogs/editorPreferencesDialog.js": {"lines":{"total":157,"covered":106,"skipped":0,"pct":67.52},"functions":{"total":30,"covered":7,"skipped":0,"pct":23.33},"statements":{"total":159,"covered":106,"skipped":0,"pct":66.67},"branches":{"total":46,"covered":22,"skipped":0,"pct":47.83}}
,"/Users/wintergruen/Documents/Projekte/WEIMAR/svgedit/src/editor/dialogs/exportDialog.js": {"lines":{"total":55,"covered":36,"skipped":0,"pct":65.45},"functions":{"total":14,"covered":5,"skipped":0,"pct":35.71},"statements":{"total":58,"covered":36,"skipped":0,"pct":62.07},"branches":{"total":12,"covered":4,"skipped":0,"pct":33.33}}
,"/Users/wintergruen/Documents/Projekte/WEIMAR/svgedit/src/editor/dialogs/imagePropertiesDialog.js": {"lines":{"total":161,"covered":90,"skipped":0,"pct":55.9},"functions":{"total":20,"covered":5,"skipped":0,"pct":25},"statements":{"total":162,"covered":90,"skipped":0,"pct":55.56},"branches":{"total":53,"covered":23,"skipped":0,"pct":43.4}}
,"/Users/wintergruen/Documents/Projekte/WEIMAR/svgedit/src/editor/dialogs/index.js": {"lines":{"total":0,"covered":0,"skipped":0,"pct":100},"functions":{"total":0,"covered":0,"skipped":0,"pct":100},"statements":{"total":0,"covered":0,"skipped":0,"pct":100},"branches":{"total":0,"covered":0,"skipped":0,"pct":100}}
,"/Users/wintergruen/Documents/Projekte/WEIMAR/svgedit/src/editor/dialogs/seAlertDialog.js": {"lines":{"total":6,"covered":2,"skipped":0,"pct":33.33},"functions":{"total":1,"covered":0,"skipped":0,"pct":0},"statements":{"total":6,"covered":2,"skipped":0,"pct":33.33},"branches":{"total":0,"covered":0,"skipped":0,"pct":100}}
,"/Users/wintergruen/Documents/Projekte/WEIMAR/svgedit/src/editor/dialogs/seConfirmDialog.js": {"lines":{"total":8,"covered":2,"skipped":0,"pct":25},"functions":{"total":1,"covered":0,"skipped":0,"pct":0},"statements":{"total":8,"covered":2,"skipped":0,"pct":25},"branches":{"total":2,"covered":0,"skipped":0,"pct":0}}
,"/Users/wintergruen/Documents/Projekte/WEIMAR/svgedit/src/editor/dialogs/sePromptDialog.js": {"lines":{"total":24,"covered":5,"skipped":0,"pct":20.83},"functions":{"total":7,"covered":2,"skipped":0,"pct":28.57},"statements":{"total":24,"covered":5,"skipped":0,"pct":20.83},"branches":{"total":9,"covered":0,"skipped":0,"pct":0}}
,"/Users/wintergruen/Documents/Projekte/WEIMAR/svgedit/src/editor/dialogs/seSelectDialog.js": {"lines":{"total":8,"covered":2,"skipped":0,"pct":25},"functions":{"total":1,"covered":0,"skipped":0,"pct":0},"statements":{"total":8,"covered":2,"skipped":0,"pct":25},"branches":{"total":0,"covered":0,"skipped":0,"pct":100}}
,"/Users/wintergruen/Documents/Projekte/WEIMAR/svgedit/src/editor/dialogs/svgSourceDialog.js": {"lines":{"total":74,"covered":40,"skipped":0,"pct":54.05},"functions":{"total":17,"covered":5,"skipped":0,"pct":29.41},"statements":{"total":75,"covered":40,"skipped":0,"pct":53.33},"branches":{"total":17,"covered":5,"skipped":0,"pct":29.41}}
,"/Users/wintergruen/Documents/Projekte/WEIMAR/svgedit/src/editor/dialogs/se-elix/define/NumberSpinBox.js": {"lines":{"total":1,"covered":1,"skipped":0,"pct":100},"functions":{"total":0,"covered":0,"skipped":0,"pct":100},"statements":{"total":1,"covered":1,"skipped":0,"pct":100},"branches":{"total":0,"covered":0,"skipped":0,"pct":100}}
,"/Users/wintergruen/Documents/Projekte/WEIMAR/svgedit/src/editor/dialogs/se-elix/src/base/NumberSpinBox.js": {"lines":{"total":54,"covered":31,"skipped":0,"pct":57.41},"functions":{"total":13,"covered":6,"skipped":0,"pct":46.15},"statements":{"total":54,"covered":31,"skipped":0,"pct":57.41},"branches":{"total":53,"covered":33,"skipped":0,"pct":62.26}}
,"/Users/wintergruen/Documents/Projekte/WEIMAR/svgedit/src/editor/dialogs/se-elix/src/plain/PlainNumberSpinBox.js": {"lines":{"total":0,"covered":0,"skipped":0,"pct":100},"functions":{"total":0,"covered":0,"skipped":0,"pct":100},"statements":{"total":0,"covered":0,"skipped":0,"pct":100},"branches":{"total":0,"covered":0,"skipped":0,"pct":100}}
,"/Users/wintergruen/Documents/Projekte/WEIMAR/svgedit/src/editor/locale/lang.en.js": {"lines":{"total":0,"covered":0,"skipped":0,"pct":100},"functions":{"total":0,"covered":0,"skipped":0,"pct":100},"statements":{"total":0,"covered":0,"skipped":0,"pct":100},"branches":{"total":0,"covered":0,"skipped":0,"pct":100}}
,"/Users/wintergruen/Documents/Projekte/WEIMAR/svgedit/src/editor/panels/BottomPanel.js": {"lines":{"total":71,"covered":26,"skipped":0,"pct":36.62},"functions":{"total":22,"covered":4,"skipped":0,"pct":18.18},"statements":{"total":77,"covered":27,"skipped":0,"pct":35.06},"branches":{"total":30,"covered":2,"skipped":0,"pct":6.67}}
,"/Users/wintergruen/Documents/Projekte/WEIMAR/svgedit/src/editor/panels/LayersPanel.js": {"lines":{"total":157,"covered":70,"skipped":0,"pct":44.59},"functions":{"total":27,"covered":6,"skipped":0,"pct":22.22},"statements":{"total":163,"covered":71,"skipped":0,"pct":43.56},"branches":{"total":46,"covered":6,"skipped":0,"pct":13.04}}
,"/Users/wintergruen/Documents/Projekte/WEIMAR/svgedit/src/editor/panels/LeftPanel.js": {"lines":{"total":58,"covered":27,"skipped":0,"pct":46.55},"functions":{"total":20,"covered":5,"skipped":0,"pct":25},"statements":{"total":59,"covered":27,"skipped":0,"pct":45.76},"branches":{"total":32,"covered":2,"skipped":0,"pct":6.25}}
,"/Users/wintergruen/Documents/Projekte/WEIMAR/svgedit/src/editor/panels/TopPanel.js": {"lines":{"total":391,"covered":100,"skipped":0,"pct":25.58},"functions":{"total":73,"covered":10,"skipped":0,"pct":13.7},"statements":{"total":411,"covered":101,"skipped":0,"pct":24.57},"branches":{"total":207,"covered":11,"skipped":0,"pct":5.31}}
}
